2016-05-06 09:21:58 [::1][2][dva6ljib0lajoghkikg170ln90][error][yii\web\HttpException:404] exception 'yii\base\InvalidRouteException' with message 'Unable to resolve the request "user/index".' in C:\xampp\htdocs\ibad\Mtest2\advanced\vendor\yiisoft\yii2\base\Module.php:461
Stack trace:
#0 C:\xampp\htdocs\ibad\Mtest2\advanced\vendor\yiisoft\yii2\web\Application.php(84): yii\base\Module->runAction('user/index', Array)
#1 C:\xampp\htdocs\ibad\Mtest2\advanced\vendor\yiisoft\yii2\base\Application.php(375): yii\web\Application->handleRequest(Object(yii\web\Request))
#2 C:\xampp\htdocs\ibad\Mtest2\advanced\backend\web\index.php(18): yii\base\Application->run()
#3 {main}

Next exception 'yii\web\NotFoundHttpException' with message 'Page not found.' in C:\xampp\htdocs\ibad\Mtest2\advanced\vendor\yiisoft\yii2\web\Application.php:96
Stack trace:
#0 C:\xampp\htdocs\ibad\Mtest2\advanced\vendor\yiisoft\yii2\base\Application.php(375): yii\web\Application->handleRequest(Object(yii\web\Request))
#1 C:\xampp\htdocs\ibad\Mtest2\advanced\backend\web\index.php(18): yii\base\Application->run()
#2 {main}
2016-05-06 09:21:58 [::1][2][dva6ljib0lajoghkikg170ln90][info][application] $_GET = [
    'r' => 'user/index'
]

$_COOKIE = [
    '_csrf' => '07c84ea43880ba7c35da8cd44b82feb92751cee713a315e4adca0251b9c3ae1aa:2:{i:0;s:5:\"_csrf\";i:1;s:32:\"5sPkOdqo9wfjsIT7leHs3BZcFlOWU9bS\";}'
    'PHPSESSID' => 'dva6ljib0lajoghkikg170ln90'
    '_identity' => 'c056e6d04508132d314f5856ad4bf3ae6d84d89c309864b53e2e0601aafebefba:2:{i:0;s:9:\"_identity\";i:1;s:46:\"[2,\"P3aBQQ0pgqUyQAe-qMqpHlLH3fjMTw_Q\",2592000]\";}'
]

$_SESSION = [
    '__flash' => []
    '__id' => 2
]

$_SERVER = [
    'MIBDIRS' => 'C:/xampp/php/extras/mibs'
    'MYSQL_HOME' => '\\xampp\\mysql\\bin'
    'OPENSSL_CONF' => 'C:/xampp/apache/bin/openssl.cnf'
    'PHP_PEAR_SYSCONF_DIR' => '\\xampp\\php'
    'PHPRC' => '\\xampp\\php'
    'TMP' => '\\xampp\\tmp'
    'HTTP_HOST' => 'localhost'
    'HTTP_CONNECTION' => 'keep-alive'
    'HTTP_ACCEPT' => 'text/html,application/xhtml+xml,application/xml;q=0.9,image/webp,*/*;q=0.8'
    'HTTP_UPGRADE_INSECURE_REQUESTS' => '1'
    'HTTP_USER_AGENT' => 'Mozilla/5.0 (Windows NT 10.0; WOW64) AppleWebKit/537.36 (KHTML, like Gecko) Chrome/44.0.2403.157 UBrowser/5.5.9936.1231 Safari/537.36'
    'HTTP_ACCEPT_ENCODING' => 'gzip, deflate'
    'HTTP_ACCEPT_LANGUAGE' => 'en-US,en;q=0.8'
    'HTTP_COOKIE' => '_csrf=07c84ea43880ba7c35da8cd44b82feb92751cee713a315e4adca0251b9c3ae1aa%3A2%3A%7Bi%3A0%3Bs%3A5%3A%22_csrf%22%3Bi%3A1%3Bs%3A32%3A%225sPkOdqo9wfjsIT7leHs3BZcFlOWU9bS%22%3B%7D; PHPSESSID=dva6ljib0lajoghkikg170ln90; _identity=c056e6d04508132d314f5856ad4bf3ae6d84d89c309864b53e2e0601aafebefba%3A2%3A%7Bi%3A0%3Bs%3A9%3A%22_identity%22%3Bi%3A1%3Bs%3A46%3A%22%5B2%2C%22P3aBQQ0pgqUyQAe-qMqpHlLH3fjMTw_Q%22%2C2592000%5D%22%3B%7D'
    'PATH' => 'D:\\app\\Okta\\product\\11.2.0\\client_1;D:\\app\\Okta\\product\\11.2.0\\client_1\\bin;C:\\oraclexe\\app\\oracle\\product\\11.2.0\\server\\bin;C:\\Program Files (x86)\\Common Files\\Intel\\Shared Files\\cpp\\bin\\Intel64;C:\\ProgramData\\Oracle\\Java\\javapath;C:\\Windows\\system32;C:\\Windows;C:\\Windows\\System32\\Wbem;C:\\Windows\\System32\\WindowsPowerShell\\v1.0\\;C:\\Program Files\\Intel\\WiFi\\bin\\;C:\\Program Files\\Common Files\\Intel\\WirelessCommon\\;C:\\Program Files (x86)\\NVIDIA Corporation\\PhysX\\Common;C:\\Program Files\\Microsoft SQL Server\\110\\Tools\\Binn\\;C:\\Program Files\\Microsoft SQL Server\\120\\Tools\\Binn\\;C:\\Program Files (x86)\\GtkSharp\\2.12\\bin;C:\\Program Files\\Java\\jdk1.8.0_60\\bin;C:\\Program Files (x86)\\Thrift;C:\\xampp\\php;C:\\WINDOWS\\system32;C:\\WINDOWS;C:\\WINDOWS\\System32\\Wbem;C:\\WINDOWS\\System32\\WindowsPowerShell\\v1.0\\;C:\\Program Files\\Microsoft\\Web Platform Installer\\;C:\\Program Files (x86)\\Microsoft ASP.NET\\ASP.NET Web Pages\\v1.0\\;C:\\Program Files (x86)\\Windows Kits\\8.0\\Windows Performance Toolkit\\;C:\\ProgramData\\ComposerSetup\\bin;C:\\WINDOWS\\system32\\config\\systemprofile\\.dnx\\bin;C:\\Program Files\\Microsoft DNX\\Dnvm\\;C:\\Program Files\\Microsoft SQL Server\\130\\Tools\\Binn\\;C:\\Program Files\\Git\\cmd;C:\\Program Files\\Intel\\WiFi\\bin\\;C:\\Program Files\\Common Files\\Intel\\WirelessCommon\\;C:\\Users\\Okta\\AppData\\Roaming\\Composer\\vendor\\bin'
    'SystemRoot' => 'C:\\WINDOWS'
    'COMSPEC' => 'C:\\WINDOWS\\system32\\cmd.exe'
    'PATHEXT' => '.COM;.EXE;.BAT;.CMD;.VBS;.VBE;.JS;.JSE;.WSF;.WSH;.MSC'
    'WINDIR' => 'C:\\WINDOWS'
    'SERVER_SIGNATURE' => '<address>Apache/2.4.17 (Win32) OpenSSL/1.0.2d PHP/5.6.15 Server at localhost Port 80</address>
'
    'SERVER_SOFTWARE' => 'Apache/2.4.17 (Win32) OpenSSL/1.0.2d PHP/5.6.15'
    'SERVER_NAME' => 'localhost'
    'SERVER_ADDR' => '::1'
    'SERVER_PORT' => '80'
    'REMOTE_ADDR' => '::1'
    'DOCUMENT_ROOT' => 'C:/xampp/htdocs'
    'REQUEST_SCHEME' => 'http'
    'CONTEXT_PREFIX' => ''
    'CONTEXT_DOCUMENT_ROOT' => 'C:/xampp/htdocs'
    'SERVER_ADMIN' => 'postmaster@localhost'
    'SCRIPT_FILENAME' => 'C:/xampp/htdocs/ibad/Mtest2/advanced/backend/web/index.php'
    'REMOTE_PORT' => '52444'
    'GATEWAY_INTERFACE' => 'CGI/1.1'
    'SERVER_PROTOCOL' => 'HTTP/1.1'
    'REQUEST_METHOD' => 'GET'
    'QUERY_STRING' => 'r=user%2Findex'
    'REQUEST_URI' => '/ibad/Mtest2/advanced/backend/web/index.php?r=user%2Findex'
    'SCRIPT_NAME' => '/ibad/Mtest2/advanced/backend/web/index.php'
    'PHP_SELF' => '/ibad/Mtest2/advanced/backend/web/index.php'
    'REQUEST_TIME_FLOAT' => 1462519318.431
    'REQUEST_TIME' => 1462519318
]
2016-05-06 09:22:02 [::1][-][r55ntlohmqkf2g8n01miemi551][error][yii\web\HttpException:404] exception 'yii\base\InvalidRouteException' with message 'Unable to resolve the request "user/index".' in C:\xampp\htdocs\ibad\Mtest2\advanced\vendor\yiisoft\yii2\base\Module.php:461
Stack trace:
#0 C:\xampp\htdocs\ibad\Mtest2\advanced\vendor\yiisoft\yii2\web\Application.php(84): yii\base\Module->runAction('user/index', Array)
#1 C:\xampp\htdocs\ibad\Mtest2\advanced\vendor\yiisoft\yii2\base\Application.php(375): yii\web\Application->handleRequest(Object(yii\web\Request))
#2 C:\xampp\htdocs\ibad\Mtest2\advanced\backend\web\index.php(18): yii\base\Application->run()
#3 {main}

Next exception 'yii\web\NotFoundHttpException' with message 'Page not found.' in C:\xampp\htdocs\ibad\Mtest2\advanced\vendor\yiisoft\yii2\web\Application.php:96
Stack trace:
#0 C:\xampp\htdocs\ibad\Mtest2\advanced\vendor\yiisoft\yii2\base\Application.php(375): yii\web\Application->handleRequest(Object(yii\web\Request))
#1 C:\xampp\htdocs\ibad\Mtest2\advanced\backend\web\index.php(18): yii\base\Application->run()
#2 {main}
2016-05-06 09:22:02 [::1][-][r55ntlohmqkf2g8n01miemi551][info][application] $_GET = [
    'r' => 'user/index'
]

$_COOKIE = [
    '_csrf' => '05e77e3ef3dd392b09b57fcfaa7c9742771f483c3505a0fb09cb230bf2d3c3ada:2:{i:0;s:5:\"_csrf\";i:1;s:32:\"pgcA-73McaUucNpQq4WNh6xtM5grJjNe\";}'
    'PHPSESSID' => 'r55ntlohmqkf2g8n01miemi551'
]

$_SESSION = [
    '__flash' => []
    '__returnUrl' => '/ibad/Mtest2/advanced/backend/web/index.php'
]

$_SERVER = [
    'MIBDIRS' => 'C:/xampp/php/extras/mibs'
    'MYSQL_HOME' => '\\xampp\\mysql\\bin'
    'OPENSSL_CONF' => 'C:/xampp/apache/bin/openssl.cnf'
    'PHP_PEAR_SYSCONF_DIR' => '\\xampp\\php'
    'PHPRC' => '\\xampp\\php'
    'TMP' => '\\xampp\\tmp'
    'HTTP_HOST' => 'localhost'
    'HTTP_CONNECTION' => 'keep-alive'
    'HTTP_ACCEPT' => 'text/html,application/xhtml+xml,application/xml;q=0.9,image/webp,*/*;q=0.8'
    'HTTP_UPGRADE_INSECURE_REQUESTS' => '1'
    'HTTP_USER_AGENT' => 'Mozilla/5.0 (Windows NT 10.0; WOW64) AppleWebKit/537.36 (KHTML, like Gecko) Chrome/44.0.2403.157 UBrowser/5.5.9936.1231 Safari/537.36'
    'HTTP_ACCEPT_ENCODING' => 'gzip, deflate'
    'HTTP_ACCEPT_LANGUAGE' => 'en-US,en;q=0.8'
    'HTTP_COOKIE' => '_csrf=05e77e3ef3dd392b09b57fcfaa7c9742771f483c3505a0fb09cb230bf2d3c3ada%3A2%3A%7Bi%3A0%3Bs%3A5%3A%22_csrf%22%3Bi%3A1%3Bs%3A32%3A%22pgcA-73McaUucNpQq4WNh6xtM5grJjNe%22%3B%7D; PHPSESSID=r55ntlohmqkf2g8n01miemi551'
    'PATH' => 'D:\\app\\Okta\\product\\11.2.0\\client_1;D:\\app\\Okta\\product\\11.2.0\\client_1\\bin;C:\\oraclexe\\app\\oracle\\product\\11.2.0\\server\\bin;C:\\Program Files (x86)\\Common Files\\Intel\\Shared Files\\cpp\\bin\\Intel64;C:\\ProgramData\\Oracle\\Java\\javapath;C:\\Windows\\system32;C:\\Windows;C:\\Windows\\System32\\Wbem;C:\\Windows\\System32\\WindowsPowerShell\\v1.0\\;C:\\Program Files\\Intel\\WiFi\\bin\\;C:\\Program Files\\Common Files\\Intel\\WirelessCommon\\;C:\\Program Files (x86)\\NVIDIA Corporation\\PhysX\\Common;C:\\Program Files\\Microsoft SQL Server\\110\\Tools\\Binn\\;C:\\Program Files\\Microsoft SQL Server\\120\\Tools\\Binn\\;C:\\Program Files (x86)\\GtkSharp\\2.12\\bin;C:\\Program Files\\Java\\jdk1.8.0_60\\bin;C:\\Program Files (x86)\\Thrift;C:\\xampp\\php;C:\\WINDOWS\\system32;C:\\WINDOWS;C:\\WINDOWS\\System32\\Wbem;C:\\WINDOWS\\System32\\WindowsPowerShell\\v1.0\\;C:\\Program Files\\Microsoft\\Web Platform Installer\\;C:\\Program Files (x86)\\Microsoft ASP.NET\\ASP.NET Web Pages\\v1.0\\;C:\\Program Files (x86)\\Windows Kits\\8.0\\Windows Performance Toolkit\\;C:\\ProgramData\\ComposerSetup\\bin;C:\\WINDOWS\\system32\\config\\systemprofile\\.dnx\\bin;C:\\Program Files\\Microsoft DNX\\Dnvm\\;C:\\Program Files\\Microsoft SQL Server\\130\\Tools\\Binn\\;C:\\Program Files\\Git\\cmd;C:\\Program Files\\Intel\\WiFi\\bin\\;C:\\Program Files\\Common Files\\Intel\\WirelessCommon\\;C:\\Users\\Okta\\AppData\\Roaming\\Composer\\vendor\\bin'
    'SystemRoot' => 'C:\\WINDOWS'
    'COMSPEC' => 'C:\\WINDOWS\\system32\\cmd.exe'
    'PATHEXT' => '.COM;.EXE;.BAT;.CMD;.VBS;.VBE;.JS;.JSE;.WSF;.WSH;.MSC'
    'WINDIR' => 'C:\\WINDOWS'
    'SERVER_SIGNATURE' => '<address>Apache/2.4.17 (Win32) OpenSSL/1.0.2d PHP/5.6.15 Server at localhost Port 80</address>
'
    'SERVER_SOFTWARE' => 'Apache/2.4.17 (Win32) OpenSSL/1.0.2d PHP/5.6.15'
    'SERVER_NAME' => 'localhost'
    'SERVER_ADDR' => '::1'
    'SERVER_PORT' => '80'
    'REMOTE_ADDR' => '::1'
    'DOCUMENT_ROOT' => 'C:/xampp/htdocs'
    'REQUEST_SCHEME' => 'http'
    'CONTEXT_PREFIX' => ''
    'CONTEXT_DOCUMENT_ROOT' => 'C:/xampp/htdocs'
    'SERVER_ADMIN' => 'postmaster@localhost'
    'SCRIPT_FILENAME' => 'C:/xampp/htdocs/ibad/Mtest2/advanced/backend/web/index.php'
    'REMOTE_PORT' => '52448'
    'GATEWAY_INTERFACE' => 'CGI/1.1'
    'SERVER_PROTOCOL' => 'HTTP/1.1'
    'REQUEST_METHOD' => 'GET'
    'QUERY_STRING' => 'r=user%2Findex'
    'REQUEST_URI' => '/ibad/Mtest2/advanced/backend/web/index.php?r=user%2Findex'
    'SCRIPT_NAME' => '/ibad/Mtest2/advanced/backend/web/index.php'
    'PHP_SELF' => '/ibad/Mtest2/advanced/backend/web/index.php'
    'REQUEST_TIME_FLOAT' => 1462519322.462
    'REQUEST_TIME' => 1462519322
]
